READ<>/tmp/.file.swp<>0<>4096<>b0VIM 7.2
READ<>/tmp/.file.swp<>0<>4096<>b0VIM 7.2
READ<>/tmp/file<>0<>7<>wahaha
.2
READ<>/tmp/.file.swp<>0<>4096<>b0VIM 7.2
READ<>/tmp/.file.swp<>0<>4096<>b0VIM 7.2
READ<>/tmp/.file.swp<>0<>4096<>b0VIM 7.2
READ<>/tmp/file<>0<>14<>wahaha
hohoho

READ<>/tmp/.file.swp<>0<>4096<>b0VIM 7.2
READ<>/tmp/.file.swp<>0<>4096<>b0VIM 7.2
READ<>/tmp/.file.swp<>4096<>4096<>tp
READ<>/tmp/.file.swp<>8192<>4096<>ad
READ<>/tmp/.file.swp<>0<>4096<>b0VIM 7.2
READ<>/tmp/.file.swp<>4096<>4096<>tp
READ<>/tmp/.file.swp<>8192<>4096<>ad
READ<>/tmp/.file.swp<>0<>4096<>b0VIM 7.2
READ<>/tmp/.file.swp<>0<>4096<>b0VIM 7.2
READ<>/tmp/file<>0<>392<>wahaha
hohoho
wahaha
wahaha
wahaha
wahaha
wahaha
wahaha
wahaha
wahaha
wahaha
wahaha
wahaha
wahaha
wahaha
wahaha
wahaha
wahaha
wahaha
wahaha
wahaha
wahaha
wahaha
wahaha
wahaha
wahaha
wahaha
wahaha
wahaha
hohoho
hohoho
hohoho
hohoho
hohoho
hohoho
hohoho
hohoho
hohoho
hohoho
hohoho
hohoho
hohoho
hohoho
hohoho
hohoho
hohoho
hohoho
hohoho
hohoho
hohoho
hohoho
hohoho
hohoho
hohoho
hohoho
hohoho

READ<>/tmp/.file.swp<>0<>4096<>b0VIM 7.2
